# JRE version: Java(TM) SE Runtime Environment 18.9 (11.0.14+8) (build 11.0.14+8-LTS-263)
# Java VM: Java HotSpot(TM) 64-Bit Server VM 18.9 (11.0.14+8-LTS-263, mixed mode, tiered, compressed oops, g1 gc, bsd-amd64)
Heap:
 garbage-first heap   total 262144K, used 36483K [0x00000006c0000000, 0x00000007c0000000)
  region size 1024K, 24 young (24576K), 3 survivors (3072K)
 Metaspace       used 28401K, capacity 29126K, committed 29440K, reserved 1075200K
  class space    used 3223K, capacity 3538K, committed 3584K, reserved 1048576K
GC Heap History (6 events):
Event: 0.996 GC heap before
{Heap before GC invocations=0 (full 0):
 garbage-first heap   total 262144K, used 25600K [0x00000006c0000000, 0x00000007c0000000)
  region size 1024K, 24 young (24576K), 0 survivors (0K)
 Metaspace       used 12826K, capacity 13208K, committed 13440K, reserved 1060864K
  class space    used 1431K, capacity 1598K, committed 1664K, reserved 1048576K
}
Event: 1.009 GC heap after
{Heap after GC invocations=1 (full 0):
 garbage-first heap   total 262144K, used 5277K [0x00000006c0000000, 0x00000007c0000000)
  region size 1024K, 3 young (3072K), 3 survivors (3072K)
 Metaspace       used 12826K, capacity 13208K, committed 13440K, reserved 1060864K
  class space    used 1431K, capacity 1598K, committed 1664K, reserved 1048576K
}
Event: 8.795 GC heap before
{Heap before GC invocations=1 (full 0):
 garbage-first heap   total 262144K, used 44189K [0x00000006c0000000, 0x00000007c0000000)
  region size 1024K, 40 young (40960K), 3 survivors (3072K)
 Metaspace       used 20521K, capacity 21129K, committed 21248K, reserved 1067008K
  class space    used 2458K, capacity 2737K, committed 2816K, reserved 1048576K
}
Event: 8.814 GC heap after
{Heap after GC invocations=2 (full 0):
 garbage-first heap   total 262144K, used 12623K [0x00000006c0000000, 0x00000007c0000000)
  region size 1024K, 9 young (9216K), 9 survivors (9216K)
 Metaspace       used 20521K, capacity 21129K, committed 21248K, reserved 1067008K
  class space    used 2458K, capacity 2737K, committed 2816K, reserved 1048576K
}
Event: 86.628 GC heap before
{Heap before GC invocations=3 (full 0):
 garbage-first heap   total 262144K, used 63823K [0x00000006c0000000, 0x00000007c0000000)
  region size 1024K, 59 young (60416K), 9 survivors (9216K)
 Metaspace       used 28304K, capacity 28998K, committed 29184K, reserved 1075200K
  class space    used 3223K, capacity 3538K, committed 3584K, reserved 1048576K
}
Event: 86.690 GC heap after
{Heap after GC invocations=4 (full 0):
 garbage-first heap   total 262144K, used 16003K [0x00000006c0000000, 0x00000007c0000000)
  region size 1024K, 3 young (3072K), 3 survivors (3072K)
 Metaspace       used 28304K, capacity 28998K, committed 29184K, reserved 1075200K
  class space    used 3223K, capacity 3538K, committed 3584K, reserved 1048576K
}

